{"level":"error","message":"Tue Nov 02 2021 22:07:33 GMT+0530 (India Standard Time)-{\"name\":{},\"statusCode\":500,\"isOperational\":true}","private":true}
{"level":"error","message":"Tue Nov 02 2021 22:08:12 GMT+0530 (India Standard Time)-{\"name\":{},\"statusCode\":500,\"isOperational\":true}","private":true}
{"level":"error","message":"Wed Nov 03 2021 13:17:13 GMT+0530 (India Standard Time)-{}","private":true}
{"level":"error","message":"Wed Nov 03 2021 13:18:23 GMT+0530 (India Standard Time)-{}","private":true}
{"level":"error","message":"Wed Nov 03 2021 13:19:40 GMT+0530 (India Standard Time)-{}","private":true}
{"level":"error","message":"Wed Nov 03 2021 13:21:06 GMT+0530 (India Standard Time)-{}","private":true}
{"level":"error","message":"Wed Nov 03 2021 13:22:23 GMT+0530 (India Standard Time)-{}","private":true}
{"level":"error","message":"Wed Nov 03 2021 13:25:03 GMT+0530 (India Standard Time)-{\"name\":\"Customer not found\",\"statusCode\":{},\"isOperational\":true}","private":true}
{"level":"error","message":"Wed Nov 03 2021 13:26:16 GMT+0530 (India Standard Time)-{\"name\":\"Customer not found\",\"statusCode\":{\"name\":\"API Error\",\"statusCode\":500,\"isOperational\":true},\"isOperational\":true}","private":true}
{"level":"error","message":"Wed Nov 03 2021 13:32:41 GMT+0530 (India Standard Time)-{\"name\":\"Customer not found\",\"statusCode\":{},\"isOperational\":true}","private":true}
{"level":"error","message":"Wed Nov 03 2021 13:33:25 GMT+0530 (India Standard Time)-{\"name\":\"Customer not found\",\"statusCode\":{},\"isOperational\":true}","private":true}
{"level":"error","message":"Wed Nov 03 2021 13:36:07 GMT+0530 (India Standard Time)-{\"name\":\"Customer not found\",\"statusCode\":{},\"isOperational\":true}","private":true}
{"level":"error","message":"Wed Nov 03 2021 13:45:30 GMT+0530 (India Standard Time)-{\"name\":\"Customer not found\",\"statusCode\":{},\"isOperational\":true}","private":true}
{"level":"error","message":"Wed Nov 03 2021 13:46:31 GMT+0530 (India Standard Time)-{\"name\":\"Customer not found\",\"statusCode\":{},\"isOperational\":true}","private":true}
{"level":"error","message":"Wed Nov 03 2021 15:52:54 GMT+0530 (India Standard Time)-{}","private":true}
{"level":"error","message":"Wed Nov 03 2021 15:54:40 GMT+0530 (India Standard Time)-{}","private":true}
{"level":"error","message":"Wed Nov 03 2021 15:55:18 GMT+0530 (India Standard Time)-{\"name\":\"Data not found - Address\",\"statusCode\":{\"name\":\"APIError\",\"statusCode\":500,\"isOperational\":true},\"isOperational\":true}","private":true}
{"level":"error","message":"Wed Nov 03 2021 15:57:23 GMT+0530 (India Standard Time)-{\"name\":\"Data not found - Address\",\"statusCode\":{\"name\":\"APIError\",\"statusCode\":500,\"isOperational\":true},\"isOperational\":true}","private":true}
{"level":"error","message":"Wed Nov 03 2021 15:58:57 GMT+0530 (India Standard Time)-{\"name\":\"Data not found - Address\",\"statusCode\":{\"name\":\"APIError\",\"statusCode\":500,\"isOperational\":true},\"isOperational\":true}","private":true}
{"level":"error","message":"Wed Nov 03 2021 16:00:35 GMT+0530 (India Standard Time)-{\"name\":\"Data not found - Address\",\"statusCode\":{\"name\":\"APIError\",\"statusCode\":500,\"isOperational\":true},\"isOperational\":true}","private":true}
{"level":"error","message":"Wed Nov 03 2021 16:08:29 GMT+0530 (India Standard Time)-{\"name\":\"Data not found - Address\",\"statusCode\":{\"name\":\"APIError\",\"statusCode\":500,\"isOperational\":true},\"isOperational\":true}","private":true}
{"level":"error","message":"Wed Nov 03 2021 16:11:15 GMT+0530 (India Standard Time)-{\"name\":\"Data not found - Address\",\"statusCode\":{\"name\":\"APIError\",\"statusCode\":500,\"isOperational\":true},\"isOperational\":true}","private":true}
{"level":"error","message":"Wed Nov 03 2021 16:13:14 GMT+0530 (India Standard Time)-{\"name\":\"Data not found - Address\",\"statusCode\":{\"name\":\"APIError\",\"statusCode\":500,\"isOperational\":true},\"isOperational\":true}","private":true}
{"level":"error","message":"Wed Nov 03 2021 16:19:06 GMT+0530 (India Standard Time)-{\"name\":\"Data not found - Address\",\"statusCode\":{\"name\":\"APIError\",\"statusCode\":500,\"isOperational\":true},\"isOperational\":true}","private":true}
{"level":"error","message":"Wed Nov 03 2021 16:21:05 GMT+0530 (India Standard Time)-{\"name\":\"Data not found - Address\",\"statusCode\":{\"name\":\"APIError\",\"statusCode\":500,\"isOperational\":true},\"isOperational\":true}","private":true}
{"level":"error","message":"Wed Nov 03 2021 16:22:58 GMT+0530 (India Standard Time)-{\"name\":\"Data not found - Address\",\"statusCode\":{\"name\":\"APIError\",\"statusCode\":500,\"isOperational\":true},\"isOperational\":true}","private":true}
{"level":"error","message":"Wed Nov 03 2021 16:35:06 GMT+0530 (India Standard Time)-{\"name\":\"Data not found - Address\",\"statusCode\":{\"name\":\"APIError\",\"statusCode\":500,\"isOperational\":true},\"isOperational\":true}","private":true}
{"level":"error","message":"Wed Nov 03 2021 16:36:38 GMT+0530 (India Standard Time)-{\"name\":\"Data not found - Address\",\"statusCode\":{\"name\":\"APIError\",\"statusCode\":500,\"isOperational\":true},\"isOperational\":true}","private":true}
{"level":"error","message":"Tue Nov 09 2021 12:05:25 GMT+0530 (India Standard Time)-{\"name\":\"Data not found - Address\",\"statusCode\":{\"name\":\"APIError\",\"statusCode\":500,\"isOperational\":true},\"isOperational\":true}","private":true}
{"level":"error","message":"Tue Nov 09 2021 12:12:07 GMT+0530 (India Standard Time)-{\"name\":\"Data not found - Addresses\",\"statusCode\":{\"name\":\"APIError\",\"statusCode\":500,\"isOperational\":true},\"isOperational\":true}","private":true}
{"level":"error","message":"Tue Nov 09 2021 12:19:08 GMT+0530 (India Standard Time)-{\"name\":\"Data not found - Addresses\",\"statusCode\":{\"name\":\"APIError\",\"statusCode\":500,\"isOperational\":true},\"isOperational\":true}","private":true}
{"level":"error","message":"Tue Nov 09 2021 12:24:52 GMT+0530 (India Standard Time)-{\"name\":\"Data not found - Addresses\",\"statusCode\":{\"name\":\"APIError\",\"statusCode\":500,\"isOperational\":true},\"isOperational\":true}","private":true}
{"level":"error","message":"Tue Nov 09 2021 12:26:33 GMT+0530 (India Standard Time)-{\"name\":\"Data not found - Addresses\",\"statusCode\":{\"name\":\"APIError\",\"statusCode\":500,\"isOperational\":true},\"isOperational\":true}","private":true}
{"level":"error","message":"Tue Nov 09 2021 12:33:04 GMT+0530 (India Standard Time)-{\"name\":\"Data not found - Addresses\",\"statusCode\":{\"name\":\"APIError\",\"statusCode\":500,\"isOperational\":true},\"isOperational\":true}","private":true}
{"level":"error","message":"Tue Nov 09 2021 12:40:01 GMT+0530 (India Standard Time)-{\"name\":\"Data not found - Addresses\",\"statusCode\":{\"name\":\"APIError\",\"statusCode\":500,\"isOperational\":true},\"isOperational\":true}","private":true}
{"level":"error","message":"Tue Nov 09 2021 12:41:40 GMT+0530 (India Standard Time)-{\"name\":\"Data not found - Addresses\",\"statusCode\":{\"name\":\"APIError\",\"statusCode\":500,\"isOperational\":true},\"isOperational\":true}","private":true}
{"level":"error","message":"Tue Nov 09 2021 12:43:20 GMT+0530 (India Standard Time)-{\"name\":\"Data not found - Addresses\",\"statusCode\":{\"name\":\"APIError\",\"statusCode\":500,\"isOperational\":true},\"isOperational\":true}","private":true}
{"level":"error","message":"Tue Nov 09 2021 12:50:00 GMT+0530 (India Standard Time)-{\"name\":\"Data not found - Addresses\",\"statusCode\":{\"name\":\"APIError\",\"statusCode\":500,\"isOperational\":true},\"isOperational\":true}","private":true}
{"level":"error","message":"Tue Nov 09 2021 12:58:58 GMT+0530 (India Standard Time)-{\"name\":\"Data not found - Addresses\",\"statusCode\":{\"name\":\"APIError\",\"statusCode\":500,\"isOperational\":true},\"isOperational\":true}","private":true}
{"level":"error","message":"Tue Nov 09 2021 12:59:58 GMT+0530 (India Standard Time)-{\"name\":\"Data not found - Addresses\",\"statusCode\":{\"name\":\"APIError\",\"statusCode\":500,\"isOperational\":true},\"isOperational\":true}","private":true}
{"level":"error","message":"Tue Nov 09 2021 13:02:00 GMT+0530 (India Standard Time)-{\"name\":\"Data not found - Addresses\",\"statusCode\":{\"name\":\"APIError\",\"statusCode\":500,\"isOperational\":true},\"isOperational\":true}","private":true}
{"level":"error","message":"Tue Nov 09 2021 13:02:52 GMT+0530 (India Standard Time)-{\"name\":\"Data not found - Addresses\",\"statusCode\":{\"name\":\"APIError\",\"statusCode\":500,\"isOperational\":true},\"isOperational\":true}","private":true}
{"level":"error","message":"Tue Nov 09 2021 13:04:20 GMT+0530 (India Standard Time)-{\"name\":\"Data not found - Addresses\",\"statusCode\":{\"name\":\"APIError\",\"statusCode\":500,\"isOperational\":true},\"isOperational\":true}","private":true}
{"level":"error","message":"Tue Nov 09 2021 13:08:54 GMT+0530 (India Standard Time)-{\"name\":\"Data not found - Addresses\",\"statusCode\":{\"name\":\"APIError\",\"statusCode\":500,\"isOperational\":true},\"isOperational\":true}","private":true}
{"level":"error","message":"Tue Nov 09 2021 13:09:25 GMT+0530 (India Standard Time)-{\"name\":\"Data not found - Addresses\",\"statusCode\":{\"name\":\"APIError\",\"statusCode\":500,\"isOperational\":true},\"isOperational\":true}","private":true}
{"level":"error","message":"Tue Nov 09 2021 13:25:57 GMT+0530 (India Standard Time)-{\"name\":\"Data not found - Addresses\",\"statusCode\":{\"name\":\"APIError\",\"statusCode\":500,\"isOperational\":true},\"isOperational\":true}","private":true}
{"level":"error","message":"Tue Nov 09 2021 14:46:05 GMT+0530 (India Standard Time)-{\"name\":\"Data not found - Addresses\",\"statusCode\":{\"name\":\"APIError\",\"statusCode\":500,\"isOperational\":true},\"isOperational\":true}","private":true}
{"level":"error","message":"Tue Nov 09 2021 14:56:17 GMT+0530 (India Standard Time)-{\"name\":\"Data not found - Addresses\",\"statusCode\":{\"name\":\"APIError\",\"statusCode\":500,\"isOperational\":true},\"isOperational\":true}","private":true}
{"level":"error","message":"Tue Nov 09 2021 15:05:30 GMT+0530 (India Standard Time)-{\"name\":\"Data not found - Addresses\",\"statusCode\":{\"name\":\"APIError\",\"statusCode\":500,\"isOperational\":true},\"isOperational\":true}","private":true}
{"level":"error","message":"Tue Nov 09 2021 15:08:07 GMT+0530 (India Standard Time)-{\"name\":\"Data not found - Addresses\",\"statusCode\":{\"name\":\"APIError\",\"statusCode\":500,\"isOperational\":true},\"isOperational\":true}","private":true}
{"level":"error","message":"Tue Nov 09 2021 15:19:42 GMT+0530 (India Standard Time)-{\"name\":\"Data not found - Addresses\",\"statusCode\":{\"name\":\"APIError\",\"statusCode\":500,\"isOperational\":true},\"isOperational\":true}","private":true}
{"level":"error","message":"Tue Nov 09 2021 15:20:28 GMT+0530 (India Standard Time)-{\"name\":\"Data not found - Addresses\",\"statusCode\":{\"name\":\"APIError\",\"statusCode\":500,\"isOperational\":true},\"isOperational\":true}","private":true}
{"level":"error","message":"Tue Nov 09 2021 15:25:41 GMT+0530 (India Standard Time)-{\"name\":\"Data not found - Addresses\",\"statusCode\":{\"name\":\"APIError\",\"statusCode\":500,\"isOperational\":true},\"isOperational\":true}","private":true}
{"level":"error","message":"Tue Nov 09 2021 15:32:33 GMT+0530 (India Standard Time)-{\"name\":\"Data not found - Addresses\",\"statusCode\":{\"name\":\"APIError\",\"statusCode\":500,\"isOperational\":true},\"isOperational\":true}","private":true}
{"level":"error","message":"Tue Nov 09 2021 15:35:12 GMT+0530 (India Standard Time)-{\"name\":\"Data not found - Addresses\",\"statusCode\":{\"name\":\"APIError\",\"statusCode\":500,\"isOperational\":true},\"isOperational\":true}","private":true}
{"level":"error","message":"Tue Nov 09 2021 15:51:04 GMT+0530 (India Standard Time)-{\"name\":\"Data not found - Addresses\",\"statusCode\":{\"name\":\"APIError\",\"statusCode\":500,\"isOperational\":true},\"isOperational\":true}","private":true}
{"level":"error","message":"Tue Nov 09 2021 15:55:02 GMT+0530 (India Standard Time)-{\"name\":\"Data not found - Addresses\",\"statusCode\":{\"name\":\"APIError\",\"statusCode\":500,\"isOperational\":true},\"isOperational\":true}","private":true}
{"level":"error","message":"Tue Nov 09 2021 15:55:43 GMT+0530 (India Standard Time)-{\"name\":\"Data not found - Addresses\",\"statusCode\":{\"name\":\"APIError\",\"statusCode\":500,\"isOperational\":true},\"isOperational\":true}","private":true}
{"level":"error","message":"Tue Nov 09 2021 16:26:15 GMT+0530 (India Standard Time)-{\"name\":\"Data not found - Addresses\",\"statusCode\":{\"name\":\"APIError\",\"statusCode\":500,\"isOperational\":true},\"isOperational\":true}","private":true}
{"level":"error","message":"Tue Nov 09 2021 16:30:52 GMT+0530 (India Standard Time)-{\"name\":\"Data not found - Addresses\",\"statusCode\":{\"name\":\"APIError\",\"statusCode\":500,\"isOperational\":true},\"isOperational\":true}","private":true}
{"level":"error","message":"Tue Nov 09 2021 16:31:52 GMT+0530 (India Standard Time)-{\"name\":\"Data not found - Addresses\",\"statusCode\":{\"name\":\"APIError\",\"statusCode\":500,\"isOperational\":true},\"isOperational\":true}","private":true}
{"level":"error","message":"Tue Nov 09 2021 16:41:26 GMT+0530 (India Standard Time)-{\"name\":\"Data not found - Addresses\",\"statusCode\":{\"name\":\"APIError\",\"statusCode\":500,\"isOperational\":true},\"isOperational\":true}","private":true}
{"level":"error","message":"Tue Nov 09 2021 16:42:32 GMT+0530 (India Standard Time)-{\"name\":\"Data not found - Addresses\",\"statusCode\":{\"name\":\"APIError\",\"statusCode\":500,\"isOperational\":true},\"isOperational\":true}","private":true}
{"level":"error","message":"Tue Nov 09 2021 16:43:06 GMT+0530 (India Standard Time)-{\"name\":\"Data not found - Addresses\",\"statusCode\":{\"name\":\"APIError\",\"statusCode\":500,\"isOperational\":true},\"isOperational\":true}","private":true}
{"level":"error","message":"Tue Nov 09 2021 16:44:17 GMT+0530 (India Standard Time)-{\"name\":\"Data not found - Addresses\",\"statusCode\":{\"name\":\"APIError\",\"statusCode\":500,\"isOperational\":true},\"isOperational\":true}","private":true}
{"level":"error","message":"Tue Nov 09 2021 16:45:02 GMT+0530 (India Standard Time)-{\"name\":\"Data not found - Addresses\",\"statusCode\":{\"name\":\"APIError\",\"statusCode\":500,\"isOperational\":true},\"isOperational\":true}","private":true}
{"level":"error","message":"Tue Nov 09 2021 17:28:58 GMT+0530 (India Standard Time)-{\"name\":\"Data not found - Profile\",\"statusCode\":{},\"isOperational\":true}","private":true}
{"level":"error","message":"Tue Nov 09 2021 17:33:32 GMT+0530 (India Standard Time)-{\"name\":\"Data not found - Profile\",\"statusCode\":{},\"isOperational\":true}","private":true}
{"level":"error","message":"Tue Nov 09 2021 17:49:42 GMT+0530 (India Standard Time)-{}","private":true}
{"level":"error","message":"Tue Nov 09 2021 17:49:51 GMT+0530 (India Standard Time)-{}","private":true}
{"level":"error","message":"Tue Nov 09 2021 18:05:59 GMT+0530 (India Standard Time)-{\"name\":\"Data not found - WishList\",\"statusCode\":{\"name\":\"APIError\",\"statusCode\":500,\"isOperational\":true},\"isOperational\":true}","private":true}
{"level":"error","message":"Tue Nov 09 2021 18:07:25 GMT+0530 (India Standard Time)-{\"name\":\"Data not found - WishList\",\"statusCode\":{\"name\":\"APIError\",\"statusCode\":500,\"isOperational\":true},\"isOperational\":true}","private":true}
{"level":"error","message":"Tue Nov 09 2021 18:19:50 GMT+0530 (India Standard Time)-{\"name\":\"Data not found - WishList\",\"statusCode\":{},\"isOperational\":true}","private":true}
{"level":"error","message":"Tue Nov 09 2021 18:24:45 GMT+0530 (India Standard Time)-{\"name\":\"Data not found - WishList\",\"statusCode\":{},\"isOperational\":true}","private":true}
